<?xml version="1.0" encoding="UTF-8"?>
<!-- Generated by org.testng.reporters.JUnitReportReporter -->
<testsuite hostname="LAPTOP-Q98OKOC0" failures="0" tests="3" name="OrangeHRM_SmokeTest.Testcase3_Recruitment" time="11.349" errors="0" timestamp="2025-05-01T17:07:07 IST" skipped="0">
  <testcase classname="OrangeHRM_SmokeTest.Testcase3_Recruitment" name="Recruitment_HiredList" time="7.829"/>
  <system-out/>
  <testcase classname="OrangeHRM_SmokeTest.Testcase3_Recruitment" name="Recruitment_Rejected1" time="2.500"/>
  <system-out/>
  <testcase classname="OrangeHRM_SmokeTest.Testcase3_Recruitment" name="Recruitment_RejectionList1" time="1.020"/>
  <system-out/>
</testsuite> <!-- OrangeHRM_SmokeTest.Testcase3_Recruitment -->
