<?xml version="1.0" encoding="UTF-8"?>
<!-- Generated by org.testng.reporters.JUnitReportReporter -->
<testsuite hostname="LAPTOP-Q98OKOC0" failures="0" tests="1" name="OrangeHRM_SmokeTest.Testcase5_Maintenance" time="14.039" errors="0" timestamp="2023-08-11T21:34:40 IST" skipped="0">
  <testcase classname="OrangeHRM_SmokeTest.Testcase5_Maintenance" name="AccessRecords" time="14.039"/>
  <system-out/>
</testsuite> <!-- OrangeHRM_SmokeTest.Testcase5_Maintenance -->
