<?xml version="1.0" encoding="UTF-8"?>
<!-- Generated by org.testng.reporters.JUnitReportReporter -->
<testsuite hostname="LAPTOP-Q98OKOC0" failures="0" tests="7" name="OrangeHRM.Testcase1_Admin" time="34.123" errors="0" timestamp="2023-07-26T23:34:45 IST" skipped="0">
  <testcase classname="OrangeHRM.Testcase1_Admin" name="Admin_SystemUsername" time="1.099"/>
  <system-out/>
  <testcase classname="OrangeHRM.Testcase1_Admin" name="Admin_UserRole" time="6.467"/>
  <system-out/>
  <testcase classname="OrangeHRM.Testcase1_Admin" name="Admin_EmployeeName" time="8.150"/>
  <system-out/>
  <testcase classname="OrangeHRM.Testcase1_Admin" name="Admin_Status" time="3.117"/>
  <system-out/>
  <testcase classname="OrangeHRM.Testcase1_Admin" name="Admin_Username" time="3.082"/>
  <system-out/>
  <testcase classname="OrangeHRM.Testcase1_Admin" name="Admin_Password" time="3.070"/>
  <system-out/>
  <testcase classname="OrangeHRM.Testcase1_Admin" name="Admin_ConfirmPassword" time="9.138"/>
  <system-out/>
</testsuite> <!-- OrangeHRM.Testcase1_Admin -->
