<?xml version="1.0" encoding="UTF-8"?>
<!-- Generated by org.testng.reporters.JUnitReportReporter -->
<testsuite hostname="LAPTOP-Q98OKOC0" failures="0" tests="7" name="SmokeTest.Testcase1_Login" time="34.115" errors="0" timestamp="2023-07-22T00:36:00 IST" skipped="0">
  <testcase classname="SmokeTest.Testcase1_Login" name="Admin_SystemUsername" time="1.107"/>
  <system-out/>
  <testcase classname="SmokeTest.Testcase1_Login" name="Admin_UserRole" time="6.417"/>
  <system-out/>
  <testcase classname="SmokeTest.Testcase1_Login" name="Admin_EmployeeName" time="8.147"/>
  <system-out/>
  <testcase classname="SmokeTest.Testcase1_Login" name="Admin_Status" time="3.142"/>
  <system-out/>
  <testcase classname="SmokeTest.Testcase1_Login" name="Admin_Username" time="3.077"/>
  <system-out/>
  <testcase classname="SmokeTest.Testcase1_Login" name="Admin_Password" time="3.071"/>
  <system-out/>
  <testcase classname="SmokeTest.Testcase1_Login" name="Admin_ConfirmPassword" time="9.154"/>
  <system-out/>
</testsuite> <!-- SmokeTest.Testcase1_Login -->
