<?xml version="1.0" encoding="UTF-8"?>
<!-- Generated by org.testng.reporters.JUnitReportReporter -->
<testsuite hostname="LAPTOP-Q98OKOC0" failures="0" tests="2" name="OrangeHRM_SmokeTest.Testcase4_PersonalInfo" time="36.751" errors="0" timestamp="2025-04-26T17:09:02 IST" skipped="0">
  <testcase classname="OrangeHRM_SmokeTest.Testcase4_PersonalInfo" name="PIM_AddEmployee" time="13.182"/>
  <system-out/>
  <testcase classname="OrangeHRM_SmokeTest.Testcase4_PersonalInfo" name="PersonalDetails" time="23.569"/>
  <system-out/>
</testsuite> <!-- OrangeHRM_SmokeTest.Testcase4_PersonalInfo -->
