<?xml version="1.0" encoding="UTF-8"?>
<!-- Generated by org.testng.reporters.JUnitReportReporter -->
<testsuite hostname="LAPTOP-Q98OKOC0" failures="0" tests="3" name="OrangeHRM_SmokeTest.Testcase3_Recruitment" time="31.443" errors="0" timestamp="2023-11-18T11:14:40 IST" skipped="0">
  <testcase classname="OrangeHRM_SmokeTest.Testcase3_Recruitment" name="Recruitment_Rejected1" time="24.761"/>
  <system-out/>
  <testcase classname="OrangeHRM_SmokeTest.Testcase3_Recruitment" name="Recruitment_HiredList" time="6.221"/>
  <system-out/>
  <testcase classname="OrangeHRM_SmokeTest.Testcase3_Recruitment" name="Recruitment_RejectionList1" time="0.461"/>
  <system-out/>
</testsuite> <!-- OrangeHRM_SmokeTest.Testcase3_Recruitment -->
