<?xml version="1.0" encoding="UTF-8"?>
<!-- Generated by org.testng.reporters.JUnitReportReporter -->
<testsuite hostname="LAPTOP-Q98OKOC0" failures="0" tests="1" name="OrangeHRM_SmokeTest.Testcase5_Maintenance" time="13.467" errors="0" timestamp="2025-04-27T22:22:03 IST" skipped="0">
  <testcase classname="OrangeHRM_SmokeTest.Testcase5_Maintenance" name="AccessRecords" time="13.467"/>
  <system-out/>
</testsuite> <!-- OrangeHRM_SmokeTest.Testcase5_Maintenance -->
