<?xml version="1.0" encoding="UTF-8"?>
<!-- Generated by org.testng.reporters.JUnitReportReporter -->
<testsuite hostname="LAPTOP-Q98OKOC0" failures="0" tests="3" name="OrangeHRM.Testcase3_Recruitment" time="30.361" errors="0" timestamp="2023-07-26T23:34:45 IST" skipped="0">
  <testcase classname="OrangeHRM.Testcase3_Recruitment" name="Recruitment_HiredList" time="5.122"/>
  <system-out/>
  <testcase classname="OrangeHRM.Testcase3_Recruitment" name="Recruitment_Rejected1" time="24.801"/>
  <system-out/>
  <testcase classname="OrangeHRM.Testcase3_Recruitment" name="Recruitment_RejectionList1" time="0.438"/>
  <system-out/>
</testsuite> <!-- OrangeHRM.Testcase3_Recruitment -->
