<?xml version="1.0" encoding="UTF-8"?>
<!-- Generated by org.testng.reporters.JUnitReportReporter -->
<testsuite hostname="LAPTOP-Q98OKOC0" failures="0" tests="7" name="OrangeHRM_SmokeTest.Testcase1_Admin" time="23.243" errors="0" timestamp="2023-08-13T01:27:48 IST" skipped="0">
  <testcase classname="OrangeHRM_SmokeTest.Testcase1_Admin" name="Admin_SystemUsername" time="1.387"/>
  <system-out/>
  <testcase classname="OrangeHRM_SmokeTest.Testcase1_Admin" name="Admin_UserRole" time="3.248"/>
  <system-out/>
  <testcase classname="OrangeHRM_SmokeTest.Testcase1_Admin" name="Admin_EmployeeName" time="5.154"/>
  <system-out/>
  <testcase classname="OrangeHRM_SmokeTest.Testcase1_Admin" name="Admin_Status" time="2.148"/>
  <system-out/>
  <testcase classname="OrangeHRM_SmokeTest.Testcase1_Admin" name="Admin_Username" time="2.072"/>
  <system-out/>
  <testcase classname="OrangeHRM_SmokeTest.Testcase1_Admin" name="Admin_Password" time="2.075"/>
  <system-out/>
  <testcase classname="OrangeHRM_SmokeTest.Testcase1_Admin" name="Admin_ConfirmPassword" time="7.159"/>
  <system-out/>
</testsuite> <!-- OrangeHRM_SmokeTest.Testcase1_Admin -->
