<?xml version="1.0" encoding="UTF-8"?>
<!-- Generated by org.testng.reporters.JUnitReportReporter -->
<testsuite hostname="LAPTOP-Q98OKOC0" failures="0" tests="1" name="OrangeHRM_SmokeTest.Testcase2_Leave" time="21.693" errors="0" timestamp="2025-05-01T17:11:10 IST" skipped="0">
  <testcase classname="OrangeHRM_SmokeTest.Testcase2_Leave" name="Leave_Accept" time="21.693"/>
  <system-out/>
</testsuite> <!-- OrangeHRM_SmokeTest.Testcase2_Leave -->
