<?xml version="1.0" encoding="UTF-8"?>
<!-- Generated by org.testng.reporters.JUnitReportReporter -->
<testsuite hostname="LAPTOP-Q98OKOC0" failures="0" tests="1" name="SmokeTest.Testcase2_Leave" time="16.756" errors="0" timestamp="2023-07-26T22:10:23 IST" skipped="0">
  <testcase classname="SmokeTest.Testcase2_Leave" name="Leave_Accept" time="16.756"/>
  <system-out/>
</testsuite> <!-- SmokeTest.Testcase2_Leave -->
