<?xml version="1.0" encoding="UTF-8"?>
<!-- Generated by org.testng.reporters.JUnitReportReporter -->
<testsuite hostname="LAPTOP-Q98OKOC0" failures="0" tests="1" name="OrangeHRM_SmokeTest.Testcase2_Leave" time="17.507" errors="0" timestamp="2023-11-18T11:14:40 IST" skipped="0">
  <testcase classname="OrangeHRM_SmokeTest.Testcase2_Leave" name="Leave_Accept" time="17.507"/>
  <system-out/>
</testsuite> <!-- OrangeHRM_SmokeTest.Testcase2_Leave -->
