<?xml version="1.0" encoding="UTF-8"?>
<!-- Generated by org.testng.reporters.JUnitReportReporter -->
<testsuite hostname="LAPTOP-Q98OKOC0" failures="0" tests="2" name="OrangeHRM_SmokeTest.Testcase4_PersonalInfo" time="32.137" errors="0" timestamp="2023-08-03T23:43:52 IST" skipped="0">
  <testcase classname="OrangeHRM_SmokeTest.Testcase4_PersonalInfo" name="PIM_AddEmployee" time="13.618"/>
  <system-out/>
  <testcase classname="OrangeHRM_SmokeTest.Testcase4_PersonalInfo" name="PersonalDetails" time="18.519"/>
  <system-out/>
</testsuite> <!-- OrangeHRM_SmokeTest.Testcase4_PersonalInfo -->
