<?xml version="1.0" encoding="UTF-8"?>
<!-- Generated by org.testng.reporters.JUnitReportReporter -->
<testsuite hostname="LAPTOP-Q98OKOC0" failures="0" tests="7" name="OrangeHRM_SmokeTest.Testcase1_Admin" time="23.929" errors="0" timestamp="2023-08-15T23:49:49 IST" skipped="0">
  <testcase classname="OrangeHRM_SmokeTest.Testcase1_Admin" name="Admin_SystemUsername" time="1.787"/>
  <system-out/>
  <testcase classname="OrangeHRM_SmokeTest.Testcase1_Admin" name="Admin_UserRole" time="3.538"/>
  <system-out/>
  <testcase classname="OrangeHRM_SmokeTest.Testcase1_Admin" name="Admin_EmployeeName" time="5.155"/>
  <system-out/>
  <testcase classname="OrangeHRM_SmokeTest.Testcase1_Admin" name="Admin_Status" time="2.142"/>
  <system-out/>
  <testcase classname="OrangeHRM_SmokeTest.Testcase1_Admin" name="Admin_Username" time="2.088"/>
  <system-out/>
  <testcase classname="OrangeHRM_SmokeTest.Testcase1_Admin" name="Admin_Password" time="2.075"/>
  <system-out/>
  <testcase classname="OrangeHRM_SmokeTest.Testcase1_Admin" name="Admin_ConfirmPassword" time="7.144"/>
  <system-out/>
</testsuite> <!-- OrangeHRM_SmokeTest.Testcase1_Admin -->
