<?xml version="1.0" encoding="UTF-8"?>
<!-- Generated by org.testng.reporters.JUnitReportReporter -->
<testsuite hostname="LAPTOP-Q98OKOC0" failures="0" tests="2" name="OrangeHRM_SmokeTest.Testcase4_PersonalInfo" time="33.628" errors="0" timestamp="2023-11-18T11:14:40 IST" skipped="0">
  <testcase classname="OrangeHRM_SmokeTest.Testcase4_PersonalInfo" name="PIM_AddEmployee" time="13.210"/>
  <system-out/>
  <testcase classname="OrangeHRM_SmokeTest.Testcase4_PersonalInfo" name="PersonalDetails" time="20.418"/>
  <system-out/>
</testsuite> <!-- OrangeHRM_SmokeTest.Testcase4_PersonalInfo -->
