<?xml version="1.0" encoding="UTF-8"?>
<!-- Generated by org.testng.reporters.JUnitReportReporter -->
<testsuite hostname="LAPTOP-Q98OKOC0" failures="0" tests="1" name="OrangeHRM_Performance.TC001_Admin" time="115.321" errors="0" timestamp="2023-07-28T00:08:14 IST" skipped="0">
  <testcase classname="OrangeHRM_Performance.TC001_Admin" name="Admin_Add_New_User" time="115.321"/>
  <system-out/>
</testsuite> <!-- OrangeHRM_Performance.TC001_Admin -->
