<?xml version="1.0" encoding="UTF-8"?>
<!-- Generated by org.testng.reporters.JUnitReportReporter -->
<testsuite hostname="LAPTOP-Q98OKOC0" failures="0" tests="1" name="OrangeHRM_SmokeTest.Testcase5_Maintenance" time="15.087" errors="0" timestamp="2025-04-26T18:18:25 IST" skipped="0">
  <testcase classname="OrangeHRM_SmokeTest.Testcase5_Maintenance" name="AccessRecords" time="15.087"/>
  <system-out/>
</testsuite> <!-- OrangeHRM_SmokeTest.Testcase5_Maintenance -->
