<?xml version="1.0" encoding="UTF-8"?>
<!-- Generated by org.testng.reporters.JUnitReportReporter -->
<testsuite hostname="LAPTOP-Q98OKOC0" failures="0" tests="1" name="OrangeHRM.Testcase2_Leave" time="17.131" errors="0" timestamp="2023-07-26T23:34:45 IST" skipped="0">
  <testcase classname="OrangeHRM.Testcase2_Leave" name="Leave_Accept" time="17.131"/>
  <system-out/>
</testsuite> <!-- OrangeHRM.Testcase2_Leave -->
