<?xml version="1.0" encoding="UTF-8"?>
<!-- Generated by org.testng.reporters.JUnitReportReporter -->
<testsuite hostname="LAPTOP-Q98OKOC0" failures="0" tests="3" name="SmokeTest.Testcase3_Recruitment" time="29.177" errors="0" timestamp="2023-07-26T22:10:23 IST" skipped="0">
  <testcase classname="SmokeTest.Testcase3_Recruitment" name="Recruitment_HiredList" time="3.864"/>
  <system-out/>
  <testcase classname="SmokeTest.Testcase3_Recruitment" name="Recruitment_Rejected1" time="24.853"/>
  <system-out/>
  <testcase classname="SmokeTest.Testcase3_Recruitment" name="Recruitment_RejectionList1" time="0.460"/>
  <system-out/>
</testsuite> <!-- SmokeTest.Testcase3_Recruitment -->
