<?xml version="1.0" encoding="UTF-8"?>
<!-- Generated by org.testng.reporters.JUnitReportReporter -->
<testsuite hostname="LAPTOP-Q98OKOC0" failures="0" tests="7" name="SmokeTest.Testcase1_Admin" time="34.843" errors="0" timestamp="2023-07-26T22:10:23 IST" skipped="0">
  <testcase classname="SmokeTest.Testcase1_Admin" name="Admin_SystemUsername" time="1.104"/>
  <system-out/>
  <testcase classname="SmokeTest.Testcase1_Admin" name="Admin_UserRole" time="7.106"/>
  <system-out/>
  <testcase classname="SmokeTest.Testcase1_Admin" name="Admin_EmployeeName" time="8.187"/>
  <system-out/>
  <testcase classname="SmokeTest.Testcase1_Admin" name="Admin_Status" time="3.145"/>
  <system-out/>
  <testcase classname="SmokeTest.Testcase1_Admin" name="Admin_Username" time="3.079"/>
  <system-out/>
  <testcase classname="SmokeTest.Testcase1_Admin" name="Admin_Password" time="3.066"/>
  <system-out/>
  <testcase classname="SmokeTest.Testcase1_Admin" name="Admin_ConfirmPassword" time="9.156"/>
  <system-out/>
</testsuite> <!-- SmokeTest.Testcase1_Admin -->
