<?xml version="1.0" encoding="UTF-8"?>
<!-- Generated by org.testng.reporters.JUnitReportReporter -->
<testsuite hostname="LAPTOP-Q98OKOC0" failures="0" tests="7" name="OrangeHRM_SmokeTest.Testcase1_Admin" time="22.988" errors="0" timestamp="2023-08-13T01:31:45 IST" skipped="0">
  <testcase classname="OrangeHRM_SmokeTest.Testcase1_Admin" name="Admin_SystemUsername" time="1.443"/>
  <testcase classname="OrangeHRM_SmokeTest.Testcase1_Admin" name="Admin_UserRole" time="2.890"/>
  <testcase classname="OrangeHRM_SmokeTest.Testcase1_Admin" name="Admin_EmployeeName" time="5.171"/>
  <testcase classname="OrangeHRM_SmokeTest.Testcase1_Admin" name="Admin_Status" time="2.141"/>
  <testcase classname="OrangeHRM_SmokeTest.Testcase1_Admin" name="Admin_Username" time="2.117"/>
  <testcase classname="OrangeHRM_SmokeTest.Testcase1_Admin" name="Admin_Password" time="2.073"/>
  <testcase classname="OrangeHRM_SmokeTest.Testcase1_Admin" name="Admin_ConfirmPassword" time="7.153"/>
</testsuite> <!-- OrangeHRM_SmokeTest.Testcase1_Admin -->
